ignoring property issue in entry ChristophMllerFon2015; no handler or RDF property registered
can't create date from year <2012-10> in entry JuliaVonMendeBauhausandbac201210
can't create date from year <2014-01> in entry 201401
can't create date from year <1923-07> in entry MichaelSeadleIn192307
can't create date from year <2015-04> in entry JrgenTrabantDelanthropolo201504
can't create date from year <2015-01> in entry MMSkinnerHum201501
can't create date from year <2007-10> in entry SabineKraft200710
can't create date from year <2015-03> in entry NinaFranz201503
duplicate entry <IrisDrmann2011>. ignoring duplicate(s)
duplicate entry <Deuflhard2008>. ignoring duplicate(s)
can't create date from year <2015-07> in entry BezRubUnviajedesde201507
can't create date from year <2012-07> in entry CorneliaWeber201207
can't create date from year <2015-01> in entry ChristianSteinAlt201501
duplicate entry <MichaelFriedmaOn2014>. ignoring duplicate(s)
duplicate entry <HolgerSchulzeTheMedialPers2014>. ignoring duplicate(s)
duplicate entry <ThomasMacho2014>. ignoring duplicate(s)
duplicate entry <OswaltAtlasderSchru2006>. ignoring duplicate(s)
duplicate entry <PhilippOswalt2014>. ignoring duplicate(s)
duplicate entry <JrgenPRabeThe2014>. ignoring duplicate(s)
can't create date from year <2015-03> in entry MarkusMartiniWhyShouldWork201503
duplicate entry <WolfgangSchffnRev2015>. ignoring duplicate(s)
can't create date from year <2014-07> in entry MatthiasPlanitzRoboticsurgeon201407
can't create date from year <2014-11> in entry JosephVogl1973Financial201411
can't create date from year <2013-07> in entry CorneliaWeberUniversityMuse201307
duplicate entry <MatthiasBruhnSortierungsprob1915>. ignoring duplicate(s)
duplicate entry <GerhardScholtz2015>. ignoring duplicate(s)
can't create date from year <2014-03> in entry GregorWolffForscherundUn201403
can't create date from year <2014-03> in entry GregorWolffInDersHg201403
duplicate entry <KarinKrauthause1892014>. ignoring duplicate(s)
duplicate entry <AlwesTheearlydevel2014>. ignoring duplicate(s)
duplicate entry <MarleenKlannEar2014>. ignoring duplicate(s)
duplicate entry <MichaelSeadleLib2012>. ignoring duplicate(s)
can't create date from year <2012-03> in entry MichaelSeadle201203
can't create date from year <2012-07> in entry CorneliaWeberUniversityColl201207
duplicate entry <DOSerraMic2013>. ignoring duplicate(s)
can't create date from year <2012-03-29> in entry DFreyAn20120329
can't create date from year <2013-08> in entry HPampelMakingresearch201308
duplicate entry <InaHeumann2015>. ignoring duplicate(s)
duplicate entry <WolfgangUCoy2014>. ignoring duplicate(s)
can't create date from year <2008-07> in entry ClaudiaMllerAna200807
duplicate entry <BarbaraGbelDie2014>. ignoring duplicate(s)
duplicate entry <ClaudiaMllerAna2008>. ignoring duplicate(s)
duplicate entry <WolfgangCoy2014>. ignoring duplicate(s)
can't create date from year <2008-01> in entry ClaudiaMllerAnalysederWis200801
can't create date from year <2011-08> in entry PeterSchirmbachQuovadisInfor201108
can't create date from year <2014-01> in entry HolgerSchulzebaKleinerStim201401
duplicate entry <InaHeumann2015>. ignoring duplicate(s)
duplicate entry <TeHeesen2015>. ignoring duplicate(s)
duplicate entry <JosephVogl2015>. ignoring duplicate(s)
duplicate entry <JosephVogl2015>. ignoring duplicate(s)
can't create date from year <2013-07> in entry CorneliaWeberUniversityColl201307
can't create date from year <2012-07> in entry CorneliaWeberUniversityMuse201207
can't create date from year <2012-07> in entry CorneliaWeberRecentrecommen201207
duplicate entry <ThomasMacho2014>. ignoring duplicate(s)
can't create date from year <2015-03> in entry CorneliaWeberOli201503
can't create date from year <2008-01> in entry StefanGradmannDigitaldocu200801
duplicate entry <StefanGradmannDigitaldocu200801>. ignoring duplicate(s)
duplicate entry <MargareteVhrinDie2013>. ignoring duplicate(s)
can't create date from year <1999-08> in entry PeterUSchirmbac199908
duplicate entry <ClaudiaMareis2016>. ignoring duplicate(s)
duplicate entry <HorstBredekamp2003>. ignoring duplicate(s)
duplicate entry <HorstBredekamp2003>. ignoring duplicate(s)
can't create date from year <2011-08> in entry ReinhardWendleBil201108
duplicate entry <BerndMScherer2007>. ignoring duplicate(s)
can't create date from year <2012-08> in entry TullioViolaPei201208
can't create date from year <2014-08> in entry ClausZittelWis201408
can't create date from year <2012-09-27> in entry AndreaKnautInf20120927
duplicate entry <JrgenTrabantInd2015>. ignoring duplicate(s)
can't create date from year <2015-04> in entry ClaudiaGodauCognitiveBases201504
can't create date from year <2015-02> in entry MariettaVonKestIt201502
can't create date from year <2014-06-01> in entry AnjaSeligerGeneralRemarks20140601
can't create date from year <2015-08> in entry ClaudiaBlmle201508
duplicate entry <BockVonWlfinTem2015>. ignoring duplicate(s)
can't create date from year <2015-08> in entry JanZalasiewicz201508
javabib: bibtex.expansions.PersonListParserException: Too many commas in 'Ueding, Gerd/Kalivoda, Gregor (Hg. De Gruyter, S' in 'JrgenTrabantbe2014'.
javabib: bibtex.expansions.PersonListParserException: Too many commas in 'Balke, Friedrich/Siegert, Bernhard/Vogl, Joseph (Hg.' in 'SamoTomiModelleinder2014'.
javabib: bibtex.expansions.PersonListParserException: Too many commas in '»Schöne Gene!«In: Walther, Sigrid/Staupe, Gisela/Macho, Thomas (Hg.' in 'BockVonWrfliWasistsch2010'.
javabib: bibtex.expansions.PersonListParserException: Too many commas in 'Helas, Philine/Polte, Maren/Rückert, Claudia/Uppenkamp, Bettina (Hg.): Bild/Geschichte' in 'JochenBrningSammlungundSy2007'.
javabib: bibtex.expansions.PersonListParserException: Too many commas in 'Seidl, Ernst/Aumann, Philipp/Duerr, Frank (Hg' in 'AngelaBslHimmelsbildI2011'.
javabib: bibtex.expansions.PersonListParserException: Too many commas in 'Oesterreicher, Wulf/Selig, Maria (Hg.): Geschichtlichkeit von Sprache und Text. Philologien – Disziplingenese – Wissenschaftshistoriographie Fink, S' in 'JrgenTrabantWiegeschichtl2014'.
javabib: bibtex.expansions.PersonListParserException: Too many commas in 'Mareis, Claudia/Joost, Gesche/Kimpel, Kora (Hg.' in 'WolfgangSchffnThe2010'.
javabib: bibtex.expansions.PersonListParserException: Too many commas in 'Kruse, Jan-Philipp/deLire, Luce (Hg xenomoi, S' in 'MariaKeilVisitederKlin2015'.
javabib: bibtex.expansions.PersonListParserException: Too many commas in 'Carolin Blumenberg, Alexandra Heimes, Erica Weitzman, Sophie Witt (Hrsg.' in 'CarolinBlumenbSze'.
javabib: bibtex.expansions.PersonListParserException: Too many commas in 'Krämer, Philipp/Lenz, Markus A./Messling, Markus (Hg' in 'JrgenTrabantInd2015'.
javabib: bibtex.expansions.PersonListParserException: Too many commas in 'Hackenschmidt, Sebastian/Engelhorn, Klaus (Hg transcript, S' in 'BettinaUppenkamKn2011'.
javabib: bibtex.expansions.PersonListParserException: Too many commas in 'Cogdell, James W./Shahidi, Freydoon/Soudry, David' in 'MichaelFriedmaOnthesingular2014'.
javabib: bibtex.expansions.PersonListParserException: Too many commas in 'Ernst Kris: Erstarrte Lebendigkeit. Zwei Untersuchungen, hg. von Pablo Schneider, vorgestellt von Bettina Uppenkamp diaphanes, S' in 'BettinaUppenkamErstarrteNatur2012'.
javabib: bibtex.expansions.PersonListParserException: Too many commas in 'Bredekamp, Horst/Bruhn, Matthias/Werner, Gabriele (Hg' in 'BettinaUppenkamDerFingerabdru2010'.
javabib: bibtex.expansions.PersonListParserException: Too many commas in 'Leibfried, Stephan/Markschies, Christoph/Osterkamp, Ernst/Stock, Günter (Hg De Gruyter, S' in 'JrgenTrabantAns2015'.
javabib: bibtex.expansions.PersonListParserException: Too many commas in 'Heumann, Ina/Hermannstädter, Anita/Pannhorst, Kerstin (Hg.' in 'JochenHennigAus2015'.
javabib: bibtex.expansions.PersonListParserException: Too many commas in 'Balke, Friedrich/Siegert, Bernhard/Vogl, Joseph (Hg.)' in 'BerndMahrFor2014'.
javabib: bibtex.expansions.PersonListParserException: Too many commas in 'Glazova, Anna/North, Paul (Hg.): Messianic Thought Outside Theology. Übersetzt von Fulton, Jeni' in 'ThomasMachoOnthePriceof2014'.
javabib: bibtex.expansions.PersonListParserException: Too many commas in 'Burioni, Matteo/Dogramaci, Burcu/Pfisterer, Ulrich (Hg' in 'MatthiasBruhnSortierungsprob1915'.
javabib: bibtex.expansions.PersonListParserException: Too many commas in 'Balke, Friedrich/Siegert, Bernhard/Vogl, Joseph (Hg.' in 'KarinKrauthauseDerunmgliche2014'.
javabib: bibtex.expansions.PersonListParserException: Too many commas in 'Kümmel-Schur, Albert/Deussen, Oliver/Tresset, Patrick (Hg' in 'ChristianKassun2013'.
javabib: bibtex.expansions.PersonListParserException: Too many commas in 'Burioni, Matteo/Dogramaci, Burcu/Pfisterer, Ulrich (Hg' in 'MatthiasBruhnSortierungsprob1915'.
javabib: bibtex.expansions.PersonListParserException: Too many commas in 'Naturwissenschaften. In: Günzel, Stephan/Mersch, Dieter (Hg. J.B. Metzler, S' in 'JochenHennig2014'.
javabib: bibtex.expansions.PersonListParserException: Too many commas in 'Griebel, Rolf/Schäffler, Hildegard/Söllner, Konstanze (Hg.): Praxishandbuch Bibliotheksmanagement. Berlin: De Gruyter, S' in 'ChristophMllerKopierundSca2014'.
javabib: bibtex.expansions.PersonListParserException: Too many commas in 'Hon, Giora/Schickore, Jutta/Steinle, Friedrich' in 'FriedrichSteinlHow2009'.
javabib: bibtex.expansions.PersonListParserException: Too many commas in 'Müller, Jan-Dirk/Ziegeler, Hans-Joachim (Hg.): Maximilians Ruhmeswerk.  Berlin: De Gruyter, S' in 'JochenBrningMathematikund2015'.
javabib: bibtex.expansions.PersonListParserException: Too many commas in 'Back, Andrea/Gronau, Norbert/Tochtermann, Klaus (Hg.' in 'ClaudiaMllerUnt2008'.
javabib: bibtex.expansions.PersonListParserException: Too many commas in 'Berz, Peter/Bitsch, Annette/Siegert, Bernhard (Hg.' in 'JochenBrningWis2003'.
javabib: bibtex.expansions.PersonListParserException: Too many commas in 'Hermannstädter, Anita/Sonnabend, Michael/Weber, Cornelia (Hg.): Wissenschaft kommunzieren' in 'JochenBrningInszenierungtu2008'.
javabib: bibtex.expansions.PersonListParserException: Too many commas in 'Nalbantian, Suzanne/Matthews, Paul M./McClelland, James L.' in 'DavidFreedbergMemoryinArt2011'.
javabib: bibtex.expansions.PersonListParserException: Too many commas in 'Balke, Friedrich/Siegert, Bernhard/Vogl, Joseph (Hg.' in 'RichardWeinkameModelleinder2014'.
javabib: bibtex.expansions.PersonListParserException: Too many commas in 'Coopmans, Catelijne/Vertesi, Janet/Lynch, Michael/Woolgar, Steve' in 'AudHoelTowardaNewOn2014'.
javabib: bibtex.expansions.PersonListParserException: Too many commas in 'Liljefors, Max/Lundin, Susanne/Wiszmeg, Andréa' in 'StefanBeckInt2012'.
javabib: bibtex.expansions.PersonListParserException: Too many commas in 'Krämer, Philipp/Lenz, Markus A./Messling, Markus (Hg' in 'JrgenTrabantInd2015'.
javabib: bibtex.expansions.PersonListParserException: Too many commas in 'Engel, Franz/Queisner, Moritz/Viola, Tullio (Hg.): Das bildnerische Denken von Charles S. Peirce' in 'AudHoelLinesofSight2012'.
javabib: bibtex.expansions.PersonListParserException: Too many commas in 'Billet, Frederic/Muller, Welleda/Villaseñor Sebastián, Fernando' in 'AnjaSeligerGeneralRemarks20140601'.
javabib: bibtex.expansions.PersonListParserException: Too many commas in 'Danko, Dagmar/Moeschler, Olivier/Schumacher, Florian (Hg' in 'KathrinHohmaierH2015'.
javabib: bibtex.expansions.PersonListParserException: Too many commas in 'Becker, Conny/Schäfer, Friederike/Landbrecht, Christina (Hg.' in 'KatharinaChicheDie1989'.
javabib: bibtex.expansions.PersonListParserException: Too many commas in 'Böhm, Gisela/Nerb, Josef/Mac Daniels, Timothy/Spada, Hans (Hg.' in 'BarbaraGbelRiskandcultur2001'.
javabib: bibtex.expansions.PersonListParserException: Too many commas in 'Möllers, Nina/Schwägerl, Christian/Trischler, Helmuth' in 'ReinholdLeinfelEventheFutu2015'.
